This file contains any messages produced by compilers while
running configure, to aid debugging if configure makes a mistake.

It was created by configure, which was
generated by GNU Autoconf 2.57.  Invocation command line was

  $ ./configure 

## --------- ##
## Platform. ##
## --------- ##

hostname = gim-yonghyeon-ui-MacBookPro.local
uname -m = x86_64
uname -r = 20.5.0
uname -s = Darwin
uname -v = Darwin Kernel Version 20.5.0: Sat May  8 05:10:33 PDT 2021; root:xnu-7195.121.3~9/RELEASE_X86_64

/usr/bin/uname -p = i386
/bin/uname -X     = unknown

/bin/arch              = unknown
/usr/bin/arch -k       = unknown
/usr/convex/getsysinfo = unknown
hostinfo               = Mach kernel version:
	 Darwin Kernel Version 20.5.0: Sat May  8 05:10:33 PDT 2021; root:xnu-7195.121.3~9/RELEASE_X86_64
Kernel configured for up to 12 processors.
6 processors are physically available.
12 processors are logically available.
Processor type: x86_64h (Intel x86-64h Haswell)
Processors active: 0 1 2 3 4 5 6 7 8 9 10 11
Primary memory available: 16.00 gigabytes
Default processor set: 617 tasks, 2798 threads, 12 processors
Load average: 3.39, Mach factor: 8.60
/bin/machine           = unknown
/usr/bin/oslevel       = unknown
/bin/universe          = unknown

PATH: /usr/local/bin
PATH: /usr/bin
PATH: /bin
PATH: /usr/sbin
PATH: /sbin
PATH: /Library/Apple/usr/bin
PATH: /Applications/Wireshark.app/Contents/MacOS


## ----------- ##
## Core tests. ##
## ----------- ##

configure:1274: result: beginning autoconfiguration process for libnet-1.1.2.1...
configure:1307: checking build system type
configure:1325: result: i386-apple-darwin20.5.0
configure:1333: checking host system type
configure:1347: result: i386-apple-darwin20.5.0
configure:1355: checking target system type
configure:1369: result: i386-apple-darwin20.5.0
configure:1397: checking for a BSD-compatible install
configure:1451: result: /usr/bin/install -c
configure:1462: checking whether build environment is sane
configure:1505: result: yes
configure:1538: checking for gawk
configure:1567: result: no
configure:1538: checking for mawk
configure:1567: result: no
configure:1538: checking for nawk
configure:1567: result: no
configure:1538: checking for awk
configure:1554: found /usr/bin/awk
configure:1564: result: awk
configure:1574: checking whether make sets $(MAKE)
configure:1594: result: yes
configure:1745: checking whether to enable maintainer-specific portions of Makefiles
configure:1754: result: no
configure:1816: checking for gcc
configure:1832: found /usr/bin/gcc
configure:1842: result: gcc
configure:2086: checking for C compiler version
configure:2089: gcc --version </dev/null >&5
Configured with: --prefix=/Library/Developer/CommandLineTools/usr --with-gxx-include-dir=/Library/Developer/CommandLineTools/SDKs/MacOSX.sdk/usr/include/c++/4.2.1
Apple clang version 12.0.0 (clang-1200.0.26.2)
Target: x86_64-apple-darwin20.5.0
Thread model: posix
InstalledDir: /Library/Developer/CommandLineTools/usr/bin
configure:2092: $? = 0
configure:2094: gcc -v </dev/null >&5
Configured with: --prefix=/Library/Developer/CommandLineTools/usr --with-gxx-include-dir=/Library/Developer/CommandLineTools/SDKs/MacOSX.sdk/usr/include/c++/4.2.1
Apple clang version 12.0.0 (clang-1200.0.26.2)
Target: x86_64-apple-darwin20.5.0
Thread model: posix
InstalledDir: /Library/Developer/CommandLineTools/usr/bin
configure:2097: $? = 0
configure:2099: gcc -V </dev/null >&5
clang: error: argument to '-V' is missing (expected 1 value)
clang: error: no input files
configure:2102: $? = 1
configure:2126: checking for C compiler default output
configure:2129: gcc    conftest.c  >&5
configure:2132: $? = 0
configure:2178: result: a.out
configure:2183: checking whether the C compiler works
configure:2189: ./a.out
configure:2192: $? = 0
configure:2209: result: yes
configure:2216: checking whether we are cross compiling
configure:2218: result: no
configure:2221: checking for suffix of executables
configure:2223: gcc -o conftest    conftest.c  >&5
configure:2226: $? = 0
configure:2251: result: 
configure:2257: checking for suffix of object files
configure:2279: gcc -c   conftest.c >&5
configure:2282: $? = 0
configure:2304: result: o
configure:2308: checking whether we are using the GNU C compiler
configure:2333: gcc -c   conftest.c >&5
configure:2336: $? = 0
configure:2339: test -s conftest.o
configure:2342: $? = 0
configure:2355: result: yes
configure:2361: checking whether gcc accepts -g
configure:2383: gcc -c -g  conftest.c >&5
configure:2386: $? = 0
configure:2389: test -s conftest.o
configure:2392: $? = 0
configure:2403: result: yes
configure:2420: checking for gcc option to accept ANSI C
configure:2481: gcc  -c -g -O2  conftest.c >&5
configure:2484: $? = 0
configure:2487: test -s conftest.o
configure:2490: $? = 0
configure:2508: result: none needed
configure:2526: gcc -c -g -O2  conftest.c >&5
conftest.c:2:3: error: unknown type name 'choke'
  choke me
  ^
conftest.c:2:11: error: expected ';' after top level declarator
  choke me
          ^
          ;
2 errors generated.
configure:2529: $? = 1
configure: failed program was:
| #ifndef __cplusplus
|   choke me
| #endif
configure:2657: checking for style of include used by make
configure:2685: result: GNU
configure:2713: checking dependency style of gcc
configure:2775: result: none
configure:2792: checking for a BSD-compatible install
configure:2846: result: /usr/bin/install -c
configure:2898: checking for ranlib
configure:2914: found /usr/bin/ranlib
configure:2925: result: ranlib
configure:2944: checking how to run the C preprocessor
configure:2980: gcc -E  conftest.c
configure:2986: $? = 0
configure:3018: gcc -E  conftest.c
configure:3019:10: fatal error: 'ac_nonexistent.h' file not found
#include <ac_nonexistent.h>
         ^~~~~~~~~~~~~~~~~~
1 error generated.
configure:3024: $? = 1
configure: failed program was:
| #line 3009 "configure"
| /* confdefs.h.  */
| 
| #define PACKAGE_NAME ""
| #define PACKAGE_TARNAME ""
| #define PACKAGE_VERSION ""
| #define PACKAGE_STRING ""
| #define PACKAGE_BUGREPORT ""
| #define PACKAGE "libnet"
| #define VERSION "1.1.2.1"
| /* end confdefs.h.  */
| #include <ac_nonexistent.h>
configure:3062: result: gcc -E
configure:3087: gcc -E  conftest.c
configure:3093: $? = 0
configure:3125: gcc -E  conftest.c
configure:3126:10: fatal error: 'ac_nonexistent.h' file not found
#include <ac_nonexistent.h>
         ^~~~~~~~~~~~~~~~~~
1 error generated.
configure:3131: $? = 1
configure: failed program was:
| #line 3116 "configure"
| /* confdefs.h.  */
| 
| #define PACKAGE_NAME ""
| #define PACKAGE_TARNAME ""
| #define PACKAGE_VERSION ""
| #define PACKAGE_STRING ""
| #define PACKAGE_BUGREPORT ""
| #define PACKAGE "libnet"
| #define VERSION "1.1.2.1"
| /* end confdefs.h.  */
| #include <ac_nonexistent.h>
configure:3174: checking for egrep
configure:3184: result: grep -E
configure:3189: checking for ANSI C header files
configure:3215: gcc -c -g -O2  conftest.c >&5
configure:3218: $? = 0
configure:3221: test -s conftest.o
configure:3224: $? = 0
configure:3316: gcc -o conftest -g -O2   conftest.c  >&5
configure:3311:7: error: implicitly declaring library function 'exit' with type 'void (int) __attribute__((noreturn))' [-Werror,-Wimplicit-function-declaration]
      exit(2);
      ^
configure:3311:7: note: include the header <stdlib.h> or explicitly provide a declaration for 'exit'
1 error generated.
configure:3319: $? = 1
configure: program exited with status 1
configure: failed program was:
| #line 3284 "configure"
| /* confdefs.h.  */
| 
| #define PACKAGE_NAME ""
| #define PACKAGE_TARNAME ""
| #define PACKAGE_VERSION ""
| #define PACKAGE_STRING ""
| #define PACKAGE_BUGREPORT ""
| #define PACKAGE "libnet"
| #define VERSION "1.1.2.1"
| /* end confdefs.h.  */
| #include <ctype.h>
| #if ((' ' & 0x0FF) == 0x020)
| # define ISLOWER(c) ('a' <= (c) && (c) <= 'z')
| # define TOUPPER(c) (ISLOWER(c) ? 'A' + ((c) - 'a') : (c))
| #else
| # define ISLOWER(c)                    (('a' <= (c) && (c) <= 'i')                      || ('j' <= (c) && (c) <= 'r')                      || ('s' <= (c) && (c) <= 'z'))
| # define TOUPPER(c) (ISLOWER(c) ? ((c) | 0x40) : (c))
| #endif
| 
| #define XOR(e, f) (((e) && !(f)) || (!(e) && (f)))
| int
| main ()
| {
|   int i;
|   for (i = 0; i < 256; i++)
|     if (XOR (islower (i), ISLOWER (i))
|         || toupper (i) != TOUPPER (i))
|       exit(2);
|   exit (0);
| }
configure:3339: result: no
configure:3363: checking for sys/types.h
configure:3380: gcc -c -g -O2  conftest.c >&5
configure:3383: $? = 0
configure:3386: test -s conftest.o
configure:3389: $? = 0
configure:3400: result: yes
configure:3363: checking for sys/stat.h
configure:3380: gcc -c -g -O2  conftest.c >&5
configure:3383: $? = 0
configure:3386: test -s conftest.o
configure:3389: $? = 0
configure:3400: result: yes
configure:3363: checking for stdlib.h
configure:3380: gcc -c -g -O2  conftest.c >&5
configure:3383: $? = 0
configure:3386: test -s conftest.o
configure:3389: $? = 0
configure:3400: result: yes
configure:3363: checking for string.h
configure:3380: gcc -c -g -O2  conftest.c >&5
configure:3383: $? = 0
configure:3386: test -s conftest.o
configure:3389: $? = 0
configure:3400: result: yes
configure:3363: checking for memory.h
configure:3380: gcc -c -g -O2  conftest.c >&5
configure:3383: $? = 0
configure:3386: test -s conftest.o
configure:3389: $? = 0
configure:3400: result: yes
configure:3363: checking for strings.h
configure:3380: gcc -c -g -O2  conftest.c >&5
configure:3383: $? = 0
configure:3386: test -s conftest.o
configure:3389: $? = 0
configure:3400: result: yes
configure:3363: checking for inttypes.h
configure:3380: gcc -c -g -O2  conftest.c >&5
configure:3383: $? = 0
configure:3386: test -s conftest.o
configure:3389: $? = 0
configure:3400: result: yes
configure:3363: checking for stdint.h
configure:3380: gcc -c -g -O2  conftest.c >&5
configure:3383: $? = 0
configure:3386: test -s conftest.o
configure:3389: $? = 0
configure:3400: result: yes
configure:3363: checking for unistd.h
configure:3380: gcc -c -g -O2  conftest.c >&5
configure:3383: $? = 0
configure:3386: test -s conftest.o
configure:3389: $? = 0
configure:3400: result: yes
configure:3426: checking sys/sockio.h usability
configure:3439: gcc -c -g -O2  conftest.c >&5
configure:3442: $? = 0
configure:3445: test -s conftest.o
configure:3448: $? = 0
configure:3458: result: yes
configure:3462: checking sys/sockio.h presence
configure:3473: gcc -E  conftest.c
configure:3479: $? = 0
configure:3498: result: yes
configure:3534: checking for sys/sockio.h
configure:3541: result: yes
configure:3556: checking machine endianess
configure:3610: result: lil
configure:3629: checking if unaligned accesses fail
configure:3691: result: yes
configure:3710: checking whether gcc needs -traditional
configure:3758:10: fatal error: 'termio.h' file not found
#include <termio.h>
         ^~~~~~~~~~
1 error generated.
configure:3754: result: no
configure:3771: checking for strerror
configure:3821: gcc -o conftest -g -O2 -Wall   conftest.c  >&5
configure:3814:6: warning: incompatible redeclaration of library function 'strerror' [-Wincompatible-library-redeclaration]
char strerror ();
     ^
configure:3814:6: note: 'strerror' is a builtin with type 'char *(int)'
1 warning generated.
configure:3824: $? = 0
configure:3827: test -s conftest
configure:3830: $? = 0
configure:3841: result: yes
configure:3852: checking link-layer packet interface type
configure:3857: result: found bpf
configure:5018: creating ./config.status

## ---------------------- ##
## Running config.status. ##
## ---------------------- ##

This file was extended by config.status, which was
generated by GNU Autoconf 2.57.  Invocation command line was

  CONFIG_FILES    = 
  CONFIG_HEADERS  = 
  CONFIG_LINKS    = 
  CONFIG_COMMANDS = 
  $ ./config.status 

on gim-yonghyeon-ui-MacBookPro.local

config.status:680: creating Makefile
config.status:680: creating src/Makefile
config.status:680: creating include/Makefile
config.status:680: creating include/libnet/Makefile
config.status:680: creating sample/Makefile
config.status:680: creating version.h
config.status:680: creating include/libnet.h
config.status:680: creating libnet-config
config.status:784: creating include/config.h
config.status:897: include/config.h is unchanged
config.status:1003: executing depfiles commands
config.status:1003: executing default commands

## ---------------- ##
## Cache variables. ##
## ---------------- ##

ac_cv_build=i386-apple-darwin20.5.0
ac_cv_build_alias=i386-apple-darwin20.5.0
ac_cv_c_compiler_gnu=yes
ac_cv_env_CC_set=
ac_cv_env_CC_value=
ac_cv_env_CFLAGS_set=
ac_cv_env_CFLAGS_value=
ac_cv_env_CPPFLAGS_set=
ac_cv_env_CPPFLAGS_value=
ac_cv_env_CPP_set=
ac_cv_env_CPP_value=
ac_cv_env_LDFLAGS_set=
ac_cv_env_LDFLAGS_value=
ac_cv_env_build_alias_set=
ac_cv_env_build_alias_value=
ac_cv_env_host_alias_set=
ac_cv_env_host_alias_value=
ac_cv_env_target_alias_set=
ac_cv_env_target_alias_value=
ac_cv_exeext=
ac_cv_func_strerror=yes
ac_cv_header_inttypes_h=yes
ac_cv_header_memory_h=yes
ac_cv_header_stdc=no
ac_cv_header_stdint_h=yes
ac_cv_header_stdlib_h=yes
ac_cv_header_string_h=yes
ac_cv_header_strings_h=yes
ac_cv_header_sys_sockio_h=yes
ac_cv_header_sys_stat_h=yes
ac_cv_header_sys_types_h=yes
ac_cv_header_unistd_h=yes
ac_cv_host=i386-apple-darwin20.5.0
ac_cv_host_alias=i386-apple-darwin20.5.0
ac_cv_lbl_unaligned_fail=yes
ac_cv_libnet_endianess=lil
ac_cv_objext=o
ac_cv_path_install='/usr/bin/install -c'
ac_cv_prog_AWK=awk
ac_cv_prog_CPP='gcc -E'
ac_cv_prog_ac_ct_CC=gcc
ac_cv_prog_ac_ct_RANLIB=ranlib
ac_cv_prog_cc_g=yes
ac_cv_prog_cc_stdc=
ac_cv_prog_egrep='grep -E'
ac_cv_prog_gcc_traditional=no
ac_cv_prog_make_make_set=yes
ac_cv_target=i386-apple-darwin20.5.0
ac_cv_target_alias=i386-apple-darwin20.5.0
am_cv_CC_dependencies_compiler_type=none

## ----------------- ##
## Output variables. ##
## ----------------- ##

ACLOCAL='${SHELL} /Users/hackloud/Downloads/libnet/missing --run aclocal-1.6'
ADDITIONAL_LIBS=''
AMDEPBACKSLASH='\'
AMDEP_FALSE='#'
AMDEP_TRUE=''
AMTAR='${SHELL} /Users/hackloud/Downloads/libnet/missing --run tar'
AUTOCONF='${SHELL} /Users/hackloud/Downloads/libnet/missing --run autoconf'
AUTOHEADER='${SHELL} /Users/hackloud/Downloads/libnet/missing --run autoheader'
AUTOMAKE='${SHELL} /Users/hackloud/Downloads/libnet/missing --run automake-1.6'
AWK='awk'
CC='gcc'
CCDEPMODE='depmode=none'
CFLAGS='-g -O2 -Wall'
CPP='gcc -E'
CPPFLAGS=''
DEFS='-DHAVE_CONFIG_H'
DEPDIR='.deps'
ECHO_C='ECHO_N=''
ECHO_T=''
EGREP='grep -E'
ENDIANESS='LIBNET_LIL_ENDIAN'
EXEEXT=''
HAVE_PACKET_SOCKET=''
INSTALL_DATA='${INSTALL} -m 644'
INSTALL_PROGRAM='${INSTALL}'
INSTALL_SCRIPT='${INSTALL}'
INSTALL_STRIP_PROGRAM='${SHELL} $(install_sh) -c -s'
LDFLAGS=''
LIBNET_CONFIG_CFLAGS=''
LIBNET_CONFIG_DEFINES='-DHAVE_SOCKADDR_SA_LEN'
LIBNET_CONFIG_LIBS=''
LIBNET_VERSION='1.1.2.1'
LIBOBJS=' libnet_link_bpf$U.o'
LIBS=''
LTLIBOBJS=' libnet_link_bpf$U.lo'
MAINT='#'
MAINTAINER_MODE_FALSE=''
MAINTAINER_MODE_TRUE='#'
MAKEINFO='${SHELL} /Users/hackloud/Downloads/libnet/missing --run makeinfo'
OBJEXT='o'
PACKAGE='libnet'
PACKAGE_BUGREPORT=''
PACKAGE_NAME=''
PACKAGE_STRING=''
PACKAGE_TARNAME=''
PACKAGE_VERSION=''
PATH_SEPARATOR=':'
RANLIB='ranlib'
SET_MAKE=''
SHELL='/bin/sh'
STRIP=''
VERSION='1.1.2.1'
ac_ct_CC='gcc'
ac_ct_RANLIB='ranlib'
ac_ct_STRIP=''
am__include='include'
am__quote=''
bindir='${exec_prefix}/bin'
build='i386-apple-darwin20.5.0'
build_alias=''
build_cpu='i386'
build_os='darwin20.5.0'
build_vendor='apple'
datadir='${prefix}/share'
exec_prefix='${prefix}'
host='i386-apple-darwin20.5.0'
host_alias=''
host_cpu='i386'
host_os='darwin20.5.0'
host_vendor='apple'
includedir='${prefix}/include'
infodir='${prefix}/info'
install_sh='/Users/hackloud/Downloads/libnet/install-sh'
libdir='${exec_prefix}/lib'
libexecdir='${exec_prefix}/libexec'
localstatedir='${prefix}/var'
mandir='${prefix}/man'
oldincludedir='/usr/include'
prefix='/usr'
program_transform_name='s,x,x,'
sbindir='${exec_prefix}/sbin'
sharedstatedir='${prefix}/com'
sysconfdir='${prefix}/etc'
target='i386-apple-darwin20.5.0'
target_alias=''
target_cpu='i386'
target_os='darwin20.5.0'
target_vendor='apple'

## ----------- ##
## confdefs.h. ##
## ----------- ##

#define HAVE_INTTYPES_H 1
#define HAVE_MEMORY_H 1
#define HAVE_SOCKADDR_SA_LEN 1
#define HAVE_STDINT_H 1
#define HAVE_STDLIB_H 1
#define HAVE_STRERROR 1
#define HAVE_STRINGS_H 1
#define HAVE_STRING_H 1
#define HAVE_SYS_SOCKIO_H 1
#define HAVE_SYS_STAT_H 1
#define HAVE_SYS_TYPES_H 1
#define HAVE_UNISTD_H 1
#define LBL_ALIGN 1
#define LIBNET_LIL_ENDIAN 1
#define PACKAGE "libnet"
#define PACKAGE_BUGREPORT ""
#define PACKAGE_NAME ""
#define PACKAGE_STRING ""
#define PACKAGE_TARNAME ""
#define PACKAGE_VERSION ""
#define VERSION "1.1.2.1"

configure: exit 0
